<?xml version="1.0"?>
<component name="org.nuxeo.ecm.core.storage.sql.test.repo.repository:${nuxeo.test.vcs.repository}">
  <extension target="org.nuxeo.runtime.datasource" point="datasources">
    <datasource name="jdbc/${nuxeo.test.vcs.repository}" driverClassName="${nuxeo.test.vcs.driver}"
      maxActive="20" maxIdle="1">
        <property name="url">${nuxeo.test.vcs.url}</property>
        <property name="user">${nuxeo.test.vcs.user}</property>
        <property name="password">${nuxeo.test.vcs.password}</property>
    </datasource>
  </extension>
  <extension target="org.nuxeo.ecm.core.api.repository.RepositoryManager"
    point="repositories">
    <repository name="${nuxeo.test.vcs.repository}" />
  </extension>
  <extension target="org.nuxeo.ecm.core.repository.RepositoryService"
    point="repository">
    <repository name="${nuxeo.test.vcs.repository}"
      factory="${nuxeo.test.vcs.repository-factory}">
      <repository sendInvalidationEvents="true">
        <idType>${nuxeo.test.vcs.idtype}</idType>
        <schema>
          <field type="largetext">note</field>
          <field type="largetext">relatedtext</field>
        </schema>
        <indexing>
          <neverPerDocumentFacets>
            <facet>NotPerDocFacet</facet>
          </neverPerDocumentFacets>
          <fulltext analyzer="${nuxeo.test.vcs.repository.fulltext.analyzer}">
            <index> <!-- name="default" implied -->
              <!-- all props implied -->
            </index>
            <index name="title">
              <field>dc:title</field>
            </index>
          </fulltext>
        </indexing>
        <pathOptimizations enabled="true"/>
      </repository>
    </repository>
  </extension>
</component>
